00:48:00.259 | Info | '/user/details' | 
00:48:00.316 | Info | '/vendors' | 
00:48:05.296 | Info | '/user/details' | 
00:48:05.356 | Info | '/product/list' | 
00:48:08.110 | Info | '/user/details' | 
00:48:08.198 | Info | '/product/details' | 
01:34:45.171 | Info | '/user/details' | 
01:34:58.046 | Info | '/product/details' | 
01:36:33.504 | Info | '/user/details' | 
01:36:33.534 | Info | '/product/details' | 
01:36:37.182 | Info | '/user/details' | 
01:36:37.279 | Info | '/product/details' | 
01:36:42.107 | Info | '/messagecenter/send' | 
01:38:45.342 | Info | '/user/details' | 
01:38:46.771 | Info | '/product/details' | 
01:39:14.107 | Info | '/user/details' | 
01:39:14.139 | Info | '/product/details' | 
01:39:18.725 | Info | '/messagecenter/send' | 
01:40:15.096 | Info | '/user/details' | 
01:40:16.786 | Info | '/product/details' | 
01:40:23.557 | Info | '/messagecenter/send' | 
01:41:35.575 | Info | '/user/details' | 
01:41:35.620 | Info | '/product/details' | 
01:42:02.942 | Info | '/messagecenter/send' | 
01:45:27.603 | Info | '/messagecenter/send' | 
01:46:31.516 | Info | '/user/details' | 
01:46:31.631 | Info | '/product/details' | 
01:46:37.708 | Info | '/messagecenter/send' | 
01:47:53.759 | Info | '/user/details' | 
01:47:53.863 | Info | '/order/vendor/list' | 
01:47:54.204 | Info | '/services/vendor/list' | 
01:48:03.870 | Info | '/user/details' | 
01:48:03.986 | Info | '/order/vendor/list' | 
01:48:03.992 | Info | '/services/vendor/list' | 
01:48:16.390 | Info | '/user/vendorprofile' | 
01:48:24.264 | Info | '/user/details' | 
01:48:25.074 | Info | '/product/list' | 
01:48:27.888 | Info | '/user/details' | 
01:48:27.976 | Info | '/product/details' | 
01:48:35.016 | Info | '/messagecenter/send' | 
01:49:43.176 | Info | '/messagecenter/send' | 
01:50:45.266 | Info | '/user/details' | 
01:50:45.346 | Info | '/product/details' | 
01:50:51.554 | Info | '/messagecenter/send' | 
01:51:10.543 | Info | '/user/details' | 
01:51:10.598 | Info | '/product/details' | 
01:51:18.465 | Info | '/messagecenter/send' | 
01:53:44.180 | Info | '/user/details' | 
01:53:53.477 | Info | '/product/details' | 
01:54:11.358 | Info | '/user/details' | 
01:54:11.428 | Info | '/product/details' | 
01:54:16.798 | Info | '/messagecenter/send' | 
01:56:09.900 | Info | '/user/details' | 
01:56:11.337 | Info | '/product/details' | 
01:56:25.895 | Info | '/messagecenter/send' | 
01:57:56.312 | Info | '/messagecenter/send' | 
01:58:39.284 | Info | '/messagecenter/send' | 
