15:16:34.938 | Info | '/user/details' | 
15:18:42.840 | Info | '/user/details' | 
15:18:42.929 | Info | '/product/list' | 
15:30:43.132 | Info | '/user/details' | 
15:30:43.165 | Info | '/product/list' | 
15:53:54.584 | Info | '/user/details' | 
15:53:55.665 | Info | '/vendor/:id/details' | 
15:56:25.565 | Info | '/user/details' | 
15:56:25.579 | Info | '/vendor/:id/details' | 
15:57:03.203 | Info | '/vendor/:id/details' | 
15:57:17.771 | Info | '/user/details' | 
15:57:17.787 | Info | '/vendor/:id/details' | 
15:58:19.785 | Info | '/user/details' | 
15:58:19.798 | Info | '/vendor/:id/details' | 
15:59:03.210 | Info | '/vendor/:id/details' | 
15:59:13.578 | Info | '/user/details' | 
15:59:13.590 | Info | '/vendor/:id/details' | 
15:59:54.312 | Info | '/user/details' | 
15:59:54.343 | Info | '/vendor/:id/details' | 
16:00:17.463 | Info | '/user/details' | 
16:00:17.474 | Info | '/vendor/:id/details' | 
16:02:06.381 | Info | '/user/details' | 
16:02:06.400 | Info | '/vendor/:id/details' | 
16:02:38.602 | Info | '/user/details' | 
16:02:38.615 | Info | '/vendor/:id/details' | 
16:02:56.355 | Info | '/user/details' | 
16:02:56.368 | Info | '/vendor/:id/details' | 
16:03:09.538 | Info | '/user/details' | 
16:03:09.549 | Info | '/vendor/:id/details' | 
16:03:30.698 | Info | '/user/details' | 
16:03:30.706 | Info | '/vendor/:id/details' | 
16:04:11.761 | Info | '/user/details' | 
16:04:11.774 | Info | '/vendor/:id/details' | 
16:04:26.304 | Info | '/user/details' | 
16:04:26.322 | Info | '/vendor/:id/details' | 
16:05:03.794 | Info | '/vendor/:id/details' | 
16:05:18.696 | Info | '/user/details' | 
16:05:18.702 | Info | '/vendor/:id/details' | 
16:06:02.897 | Info | '/vendor/:id/details' | 
16:06:03.020 | Info | '/vendor/:id/details' | 
16:06:31.515 | Info | '/user/details' | 
16:06:31.526 | Info | '/vendor/:id/details' | 
16:06:46.128 | Info | '/user/details' | 
16:06:46.135 | Info | '/vendor/:id/details' | 
16:07:00.380 | Info | '/user/details' | 
16:07:00.393 | Info | '/vendor/:id/details' | 
16:07:27.995 | Info | '/user/details' | 
16:07:28.006 | Info | '/vendor/:id/details' | 
16:07:55.357 | Info | '/user/details' | 
16:07:55.376 | Info | '/vendor/:id/details' | 
16:08:33.275 | Info | '/vendor/:id/details' | 
16:08:41.326 | Info | '/user/details' | 
16:08:41.337 | Info | '/vendor/:id/details' | 
16:09:21.925 | Info | '/user/details' | 
16:09:21.936 | Info | '/vendor/:id/details' | 
16:09:39.234 | Info | '/user/details' | 
16:09:39.251 | Info | '/vendor/:id/details' | 
16:10:19.457 | Info | '/user/details' | 
16:10:19.464 | Info | '/vendor/:id/details' | 
16:11:14.625 | Info | '/user/details' | 
16:11:14.634 | Info | '/vendor/:id/details' | 
16:12:17.821 | Info | '/user/details' | 
16:12:17.831 | Info | '/vendor/:id/details' | 
16:12:53.857 | Info | '/user/details' | 
16:12:53.874 | Info | '/vendor/:id/details' | 
16:13:17.647 | Info | '/user/details' | 
16:13:17.659 | Info | '/vendor/:id/details' | 
16:13:37.285 | Info | '/user/details' | 
16:13:37.304 | Info | '/vendor/:id/details' | 
16:14:05.920 | Info | '/user/details' | 
16:14:05.930 | Info | '/vendor/:id/details' | 
16:14:34.349 | Info | '/user/details' | 
16:14:34.369 | Info | '/vendor/:id/details' | 
16:20:18.852 | Info | '/user/details' | 
16:21:20.961 | Info | '/user/details' | 
16:21:21.063 | Info | '/product/list' | 
16:21:30.394 | Info | '/user/details' | 
16:21:30.400 | Info | '/vendor/:id/details' | 
16:22:06.250 | Info | '/user/details' | 
16:22:06.268 | Info | '/vendor/:id/details' | 
16:22:31.725 | Info | '/user/details' | 
16:22:31.732 | Info | '/vendor/:id/details' | 
16:22:41.281 | Info | '/user/details' | 
16:22:41.299 | Info | '/vendor/:id/details' | 
16:22:51.769 | Info | '/user/details' | 
16:22:51.784 | Info | '/vendor/:id/details' | 
16:23:05.124 | Info | '/user/details' | 
16:23:05.135 | Info | '/vendor/:id/details' | 
16:23:21.497 | Info | '/user/details' | 
16:23:21.505 | Info | '/vendor/:id/details' | 
16:24:17.618 | Info | '/user/details' | 
16:24:17.636 | Info | '/vendor/:id/details' | 
16:25:08.905 | Info | '/user/details' | 
16:25:08.923 | Info | '/vendor/:id/details' | 
16:25:49.301 | Info | '/vendor/:id/details' | 
16:25:51.383 | Info | '/vendor/:id/details' | 
16:25:57.314 | Info | '/user/details' | 
16:25:57.330 | Info | '/vendor/:id/details' | 
16:26:19.908 | Info | '/user/details' | 
16:26:19.942 | Info | '/vendors' | 
16:26:22.810 | Info | '/user/details' | 
16:26:22.857 | Info | '/product/list' | 
16:26:28.262 | Info | '/user/details' | 
16:26:36.890 | Info | '/user/details' | 
16:26:38.696 | Info | '/user/details' | 
16:26:38.732 | Info | '/product/list' | 
16:26:42.902 | Info | '/user/details' | 
16:26:42.911 | Info | '/vendor/:id/details' | 
16:32:02.725 | Info | '/user/details' | 
16:32:02.735 | Info | '/vendor/:id/details' | 
16:32:25.067 | Info | '/user/details' | 
16:32:25.084 | Info | '/vendor/:id/details' | 
16:43:12.021 | Info | '/user/details' | 
16:43:13.548 | Info | '/vendor/:id/details' | 
16:46:49.674 | Info | '/user/details' | 
16:46:56.834 | Info | '/user/details' | 
16:46:56.865 | Info | '/product/list' | 
16:46:58.681 | Info | '/user/details' | 
16:47:19.985 | Info | '/user/details' | 
16:47:34.507 | Info | '/user/details' | 
16:48:38.073 | Info | '/user/details' | 
16:49:49.080 | Info | '/user/details' | 
16:50:01.486 | Info | '/user/details' | 
16:50:29.962 | Info | '/user/details' | 
16:51:01.670 | Info | '/user/details' | 
16:52:27.023 | Info | '/user/details' | 
16:53:07.544 | Info | '/user/details' | 
16:55:04.762 | Info | '/user/details' | 
16:56:07.802 | Info | '/user/details' | 
16:56:07.818 | Info | '/product/details' | 
16:57:30.889 | Info | '/user/details' | 
16:57:32.329 | Info | '/product/details' | 
16:58:22.338 | Info | '/product/details' | 
16:58:22.344 | Info | '/user/details' | 
17:00:03.804 | Info | '/user/details' | 
17:00:05.506 | Info | '/product/details' | 
17:01:18.944 | Info | '/user/details' | 
17:01:18.962 | Info | '/product/details' | 
17:02:30.421 | Info | '/user/details' | 
17:02:30.450 | Info | '/product/details' | 
17:03:17.327 | Info | '/user/details' | 
17:03:17.338 | Info | '/product/details' | 
17:04:14.761 | Info | '/user/details' | 
17:04:16.147 | Info | '/product/details' | 
17:08:19.527 | Info | '/user/details' | 
17:08:19.542 | Info | '/product/details' | 
17:08:41.089 | Info | '/user/details' | 
17:08:41.101 | Info | '/product/details' | 
17:08:53.012 | Info | '/user/details' | 
17:08:53.023 | Info | '/product/details' | 
17:14:41.087 | Info | '/user/details' | 
17:14:42.089 | Info | '/product/details' | 
17:14:45.597 | Info | '/user/details' | 
17:14:45.617 | Info | '/product/details' | 
17:15:14.387 | Info | '/user/details' | 
17:15:14.408 | Info | '/product/details' | 
17:15:18.970 | Info | '/user/details' | 
17:15:18.987 | Info | '/product/details' | 
17:15:36.589 | Info | '/user/details' | 
17:15:36.604 | Info | '/product/details' | 
17:15:46.744 | Info | '/user/details' | 
17:15:46.764 | Info | '/product/details' | 
17:18:09.928 | Info | '/user/details' | 
17:18:09.953 | Info | '/product/details' | 
17:20:30.904 | Info | '/user/details' | 
17:20:32.460 | Info | '/product/details' | 
17:21:18.038 | Info | '/user/details' | 
17:21:19.344 | Info | '/product/details' | 
17:22:32.096 | Info | '/user/details' | 
17:22:32.104 | Info | '/product/details' | 
17:23:31.099 | Info | '/user/details' | 
17:23:31.117 | Info | '/product/details' | 
17:24:26.347 | Info | '/user/details' | 
17:24:26.363 | Info | '/product/details' | 
17:39:28.667 | Info | '/user/details' | 
17:39:28.692 | Info | '/product/details' | 
17:41:30.590 | Info | '/user/details' | 
17:41:30.632 | Info | '/product/details' | 
17:42:22.864 | Info | '/user/details' | 
17:42:22.893 | Info | '/product/details' | 
17:43:11.837 | Info | '/user/details' | 
17:43:11.865 | Info | '/product/details' | 
17:43:27.967 | Info | '/user/details' | 
17:43:28.004 | Info | '/product/details' | 
17:43:50.161 | Info | '/user/details' | 
17:43:50.189 | Info | '/product/details' | 
17:44:15.305 | Info | '/user/details' | 
17:44:15.360 | Info | '/product/details' | 
17:45:00.533 | Info | '/user/details' | 
17:45:00.565 | Info | '/product/details' | 
17:45:24.893 | Info | '/user/details' | 
17:45:24.925 | Info | '/product/details' | 
17:49:00.236 | Info | '/user/details' | 
17:49:00.259 | Info | '/product/details' | 
17:59:58.546 | Info | '/user/details' | 
17:59:58.584 | Info | '/product/details' | 
18:12:23.506 | Info | '/user/details' | 
18:12:27.725 | Info | '/user/details' | 
18:12:27.751 | Info | '/product/list' | 
18:12:30.293 | Info | '/user/details' | 
18:12:44.928 | Info | '/user/details' | 
18:12:44.935 | Info | '/blog/list' | 
18:12:48.970 | Info | '/user/details' | 
18:12:49.002 | Info | '/vendors' | 
18:12:50.629 | Info | '/user/details' | 
18:12:50.670 | Info | '/product/list' | 
18:13:06.140 | Info | '/user/details' | 
18:13:12.253 | Info | '/user/details' | 
18:13:12.279 | Info | '/vendors' | 
18:13:15.358 | Info | '/user/details' | 
18:13:15.389 | Info | '/product/list' | 
18:13:18.818 | Info | '/user/details' | 
18:13:18.844 | Info | '/product/details' | 
18:14:06.142 | Info | '/user/details' | 
18:14:11.716 | Info | '/user/details' | 
18:14:11.745 | Info | '/vendors' | 
18:14:13.343 | Info | '/user/details' | 
18:14:13.388 | Info | '/product/list' | 
18:14:17.826 | Info | '/user/details' | 
18:14:17.838 | Info | '/blog/list' | 
18:14:29.121 | Info | '/user/details' | 
18:14:32.830 | Info | '/user/details' | 
18:14:32.857 | Info | '/product/list' | 
18:14:35.692 | Info | '/user/details' | 
18:14:35.723 | Info | '/vendors' | 
18:14:39.451 | Info | '/user/details' | 
18:15:40.894 | Info | '/user/details' | 
18:15:40.921 | Info | '/vendors' | 
18:15:42.210 | Info | '/user/details' | 
18:15:42.224 | Info | '/vendor/:id/details' | 
18:16:06.520 | Info | '/user/details' | 
18:16:06.546 | Info | '/product/list' | 
18:19:58.913 | Info | '/user/details' | 
18:19:58.940 | Info | '/product/list' | 
18:20:02.437 | Info | '/user/details' | 
18:20:02.464 | Info | '/product/details' | 
18:20:05.975 | Info | '/user/details' | 
18:20:11.255 | Info | '/user/details' | 
18:20:11.281 | Info | '/product/list' | 
18:20:17.929 | Info | '/user/details' | 
18:20:17.958 | Info | '/product/details' | 
