13:49:44.772 | Info | '/registeruser' | 
13:49:55.682 | Info | '/registeruser' | 
13:51:17.059 | Info | '/registeruser' | 
13:51:44.400 | Info | '/api/user/login' | 
13:53:50.120 | Info | '/api/user/login' | 
13:53:53.209 | Info | '/api/user/login' | 
13:54:22.871 | Info | '/api/user/login' | 
13:54:24.536 | Info | '/api/user/login' | 
13:55:50.025 | Info | '/api/user/login' | 
13:56:03.521 | Info | '/registeruser' | 
13:56:12.999 | Info | '/api/user/login' | 
13:56:18.227 | Info | '/ads' | 
13:58:40.720 | Info | '/registeruser' | 
14:07:20.852 | Info | '/ads' | 
14:07:23.302 | Info | '/ads' | 
14:50:43.493 | Info | '/ads' | 
14:50:50.265 | Info | '/ads' | 
15:10:43.238 | Info | '/ads' | 
16:11:55.679 | Info | '/ads' | 
16:12:02.396 | Info | '/api/user/login' | 
16:28:08.162 | Info | '/ads' | 
16:28:54.953 | Info | '/ads' | 
16:37:44.448 | Info | '/newad' | 
16:37:54.453 | Info | '/ads' | 
16:38:59.760 | Info | '/newad' | 
16:39:07.179 | Info | '/ads' | 
16:39:37.020 | Info | '/ads' | 
16:39:59.354 | Info | '/ads' | 
16:40:25.568 | Info | '/ads' | 
16:40:39.383 | Info | '/ads' | 
16:40:53.419 | Info | '/ads' | 
16:41:18.518 | Info | '/ads' | 
16:42:33.269 | Info | '/ads' | 
16:42:51.934 | Info | '/ads' | 
16:42:53.070 | Info | '/ads' | 
16:43:22.030 | Info | '/ads' | 
16:44:08.130 | Info | '/ads' | 
16:44:34.523 | Info | '/ads' | 
16:44:52.846 | Info | '/ads' | 
16:45:06.090 | Info | '/ads' | 
16:47:22.711 | Info | '/ads' | 
16:47:41.839 | Info | '/ads' | 
16:48:26.273 | Info | '/ads' | 
16:49:07.544 | Info | '/ads' | 
16:49:27.572 | Info | '/ads' | 
16:50:08.260 | Info | '/ads' | 
16:50:09.074 | Info | '/ads' | 
16:50:10.353 | Info | '/ads' | 
16:51:08.029 | Info | '/ads' | 
16:51:34.565 | Info | '/ads' | 
16:51:52.484 | Info | '/ads' | 
16:52:13.689 | Info | '/ads' | 
16:52:42.882 | Info | '/ads' | 
16:53:35.842 | Info | '/ads' | 
16:54:14.872 | Info | '/ads' | 
16:54:53.215 | Info | '/api/user/login' | 
16:55:18.696 | Info | '/ads' | 
16:55:28.786 | Info | '/api/user/login' | 
16:55:38.583 | Info | '/ads' | 
16:55:43.668 | Info | '/ads' | 
17:03:47.243 | Info | '/api/user/login' | 
17:04:27.546 | Info | '/vendors' | 
17:04:49.819 | Info | '/vendors' | 
17:05:37.967 | Info | '/vendors' | 
17:05:44.437 | Info | '/vendors' | 
17:07:49.369 | Info | '/vendors' | 
17:07:52.421 | Info | '/vendors' | 
17:08:26.054 | Info | '/vendors' | 
17:09:08.008 | Info | '/vendors' | 
17:09:21.177 | Info | '/vendors' | 
17:09:34.601 | Info | '/vendors' | 
17:09:42.755 | Info | '/vendors' | 
17:10:35.499 | Info | '/vendors' | 
17:10:51.756 | Info | '/vendors' | 
17:11:02.176 | Info | '/vendors' | 
17:11:16.194 | Info | '/vendors' | 
17:11:48.188 | Info | '/vendors' | 
17:13:30.742 | Info | '/registeruser' | 
17:13:40.040 | Info | '/api/user/login' | 
17:13:44.945 | Info | '/api/user/login' | 
17:13:47.717 | Info | '/api/user/login' | 
17:13:52.122 | Info | '/vendors' | 
17:14:21.506 | Info | '/vendors' | 
17:15:09.000 | Info | '/vendors' | 
17:15:14.466 | Info | '/vendors' | 
17:15:34.113 | Info | '/ads' | 
