07:43:14.524 | Info | '/user/details' | 
16:15:30.761 | Info | '/user/details' | 
16:28:27.291 | Info | '/user/details' | 
16:29:04.914 | Info | '/user/details' | 
16:29:06.653 | Info | '/user/details' | 
16:32:27.354 | Info | '/user/details' | 
16:32:45.790 | Info | '/user/details' | 
16:33:01.036 | Info | '/user/details' | 
17:01:58.116 | Info | '/user/details' | 
17:06:58.052 | Info | '/user/details' | 
17:07:16.013 | Info | '/user/details' | 
17:24:10.146 | Info | '/user/details' | 
17:24:27.930 | Info | '/user/details' | 
17:25:32.474 | Info | '/user/details' | 
17:30:25.895 | Info | '/transaction/getuserpermissions' | 
17:30:25.902 | Info | '/transaction/getuserpermissions' | 
17:30:30.271 | Info | '/api/user/login' | 
17:30:30.493 | Info | '/transaction/getuserpermissions' | 
17:30:30.620 | Info | '/transaction/myprofile' | 
17:30:30.740 | Info | '/transaction/getuserpermissions' | 
17:30:30.797 | Info | '/transaction/myprofile' | 
17:30:30.821 | Info | '/transaction/myprofile' | 
17:30:30.828 | Info | '/transaction/myprofile' | 
17:31:51.346 | Info | '/transaction/getuserpermissions' | 
17:31:51.368 | Info | '/transaction/getuserpermissions' | 
17:31:54.731 | Info | '/api/user/login' | 
17:31:55.635 | Info | '/transaction/getuserpermissions' | 
17:31:55.673 | Info | '/transaction/myprofile' | 
17:31:56.039 | Info | '/transaction/getuserpermissions' | 
17:31:56.057 | Info | '/transaction/myprofile' | 
17:31:56.104 | Info | '/transaction/myprofile' | 
17:31:56.112 | Info | '/transaction/myprofile' | 
17:31:56.881 | Info | '/blog/list' | 
17:31:56.895 | Info | '/blog/list' | 
17:32:03.910 | Info | '/blog/create' | 
17:32:04.227 | Info | '/blog/list' | 
17:32:07.926 | Info | '/user/details' | 
17:32:14.711 | Info | '/user/details' | 
17:32:14.731 | Info | '/blog/list' | 
17:32:23.723 | Info | '/user/details' | 
17:32:23.727 | Info | '/blog/list' | 
17:33:34.797 | Info | '/blog/list' | 
17:33:34.799 | Info | '/user/details' | 
17:33:57.038 | Info | '/blog/create' | 
17:33:57.264 | Info | '/blog/list' | 
17:34:02.435 | Info | '/user/details' | 
17:34:02.445 | Info | '/blog/list' | 
17:35:57.312 | Info | '/blog/list' | 
17:35:57.314 | Info | '/user/details' | 
17:36:15.759 | Info | '/user/details' | 
17:36:15.766 | Info | '/blog/list' | 
17:37:00.652 | Info | '/user/details' | 
17:37:00.663 | Info | '/blog/list' | 
