14:52:56.754 | Info | '/user/details' | 
14:53:04.255 | Info | '/blog/list' | 
14:53:04.451 | Info | '/product/newproduct' | 
14:53:06.654 | Info | '/product/newproduct' | 
14:53:10.164 | Info | '/user/details' | 
14:53:10.169 | Info | '/blog/list' | 
14:53:15.059 | Info | '/product/newproduct' | 
14:53:55.377 | Info | '/user/details' | 
14:53:55.391 | Info | '/blog/list' | 
14:54:00.520 | Info | '/product/newproduct' | 
14:54:04.722 | Info | '/product/newproduct' | 
14:54:51.817 | Info | '/product/newproduct' | 
14:55:03.446 | Info | '/user/details' | 
14:55:03.450 | Info | '/blog/list' | 
14:55:06.285 | Info | '/product/newproduct' | 
14:55:25.545 | Info | '/user/details' | 
14:55:25.561 | Info | '/blog/list' | 
14:55:29.408 | Info | '/product/newproduct' | 
14:56:15.688 | Info | '/user/details' | 
14:56:15.695 | Info | '/blog/list' | 
14:56:20.212 | Info | '/product/newproduct' | 
14:57:17.713 | Info | '/user/details' | 
14:57:17.739 | Info | '/blog/list' | 
14:57:23.686 | Info | '/product/newproduct' | 
14:57:46.199 | Info | '/product/newproduct' | 
14:58:00.425 | Info | '/product/newproduct' | 
14:58:08.829 | Info | '/user/details' | 
14:58:10.494 | Info | '/user/details' | 
14:58:15.525 | Info | '/user/details' | 
14:58:18.295 | Info | '/user/details' | 
14:58:42.812 | Info | '/user/details' | 
14:58:57.547 | Info | '/user/details' | 
14:58:57.557 | Info | '/blog/list' | 
14:59:01.378 | Info | '/product/newproduct' | 
14:59:28.245 | Info | '/user/details' | 
14:59:28.263 | Info | '/blog/list' | 
14:59:30.565 | Info | '/user/details' | 
14:59:30.578 | Info | '/blog/list' | 
14:59:34.838 | Info | '/product/newproduct' | 
15:02:48.285 | Info | '/product/newproduct' | 
15:03:44.447 | Info | '/user/details' | 
15:03:44.449 | Info | '/blog/list' | 
15:03:47.745 | Info | '/product/newproduct' | 
15:06:35.468 | Info | '/user/details' | 
15:06:35.472 | Info | '/blog/list' | 
15:06:40.156 | Info | '/product/newproduct' | 
15:11:33.406 | Info | '/user/details' | 
15:13:46.436 | Info | '/user/details' | 
15:13:48.269 | Info | '/user/details' | 
15:13:48.277 | Info | '/blog/list' | 
15:13:51.827 | Info | '/product/newproduct' | 
15:13:51.939 | Info | '/user/details' | 
15:23:41.224 | Info | '/user/details' | 
15:24:21.054 | Info | '/user/details' | 
15:26:58.726 | Info | '/user/details' | 
15:27:10.550 | Info | '/user/details' | 
15:27:55.632 | Info | '/user/details' | 
15:28:03.042 | Info | '/user/details' | 
15:28:04.385 | Info | '/user/details' | 
15:28:09.631 | Info | '/api/user/login' | 
15:28:09.797 | Info | '/user/details' | 
15:28:11.545 | Info | '/user/details' | 
15:29:53.195 | Info | '/user/details' | 
15:30:29.798 | Info | '/user/details' | 
15:31:18.976 | Info | '/user/details' | 
15:31:26.602 | Info | '/user/details' | 
15:32:30.678 | Info | '/user/details' | 
15:32:33.377 | Info | '/user/details' | 
15:34:49.984 | Info | '/user/details' | 
15:35:39.145 | Info | '/user/details' | 
15:36:08.656 | Info | '/user/details' | 
15:36:59.039 | Info | '/user/details' | 
15:38:33.878 | Info | '/user/details' | 
15:39:37.711 | Info | '/user/details' | 
15:40:05.931 | Info | '/user/details' | 
15:40:35.644 | Info | '/user/details' | 
15:40:35.777 | Info | '/ads' | 
15:40:44.050 | Info | '/user/details' | 
15:40:46.543 | Info | '/user/details' | 
15:41:31.494 | Info | '/user/details' | 
15:41:31.503 | Info | '/blog/list' | 
15:41:33.049 | Info | '/user/details' | 
15:41:35.215 | Info | '/user/details' | 
15:41:38.785 | Info | '/user/details' | 
15:41:38.798 | Info | '/blog/list' | 
15:41:50.080 | Info | '/product/newproduct' | 
15:41:50.143 | Info | '/user/details' | 
15:41:55.075 | Info | '/user/details' | 
15:42:33.376 | Info | '/user/details' | 
15:42:33.387 | Info | '/blog/list' | 
15:42:41.892 | Info | '/product/newproduct' | 
15:42:41.976 | Info | '/user/details' | 
15:43:45.669 | Info | '/user/details' | 
15:43:48.799 | Info | '/user/details' | 
15:43:48.811 | Info | '/blog/list' | 
15:43:55.870 | Info | '/product/newproduct' | 
15:43:55.991 | Info | '/user/details' | 
15:44:00.361 | Info | '/user/details' | 
15:44:00.372 | Info | '/blog/list' | 
15:44:15.718 | Info | '/product/newproduct' | 
15:44:15.886 | Info | '/user/details' | 
15:45:55.839 | Info | '/user/details' | 
15:45:59.312 | Info | '/user/details' | 
15:45:59.323 | Info | '/blog/list' | 
15:46:09.641 | Info | '/product/newproduct' | 
15:46:09.864 | Info | '/user/details' | 
15:46:47.328 | Info | '/user/details' | 
15:46:48.154 | Info | '/blog/list' | 
15:46:56.341 | Info | '/product/newproduct' | 
15:46:56.493 | Info | '/user/details' | 
15:47:11.630 | Info | '/user/details' | 
15:47:11.640 | Info | '/blog/list' | 
15:47:19.376 | Info | '/product/newproduct' | 
15:47:19.680 | Info | '/user/details' | 
15:48:19.807 | Info | '/user/details' | 
15:48:23.401 | Info | '/user/details' | 
15:48:23.413 | Info | '/blog/list' | 
15:48:30.423 | Info | '/product/newproduct' | 
15:48:30.676 | Info | '/user/details' | 
15:49:10.840 | Info | '/user/details' | 
15:50:25.435 | Info | '/user/details' | 
15:50:57.112 | Info | '/user/details' | 
15:51:14.929 | Info | '/user/details' | 
15:57:20.252 | Info | '/user/details' | 
15:58:08.844 | Info | '/user/details' | 
16:15:48.153 | Info | '/user/details' | 
16:17:04.622 | Info | '/user/details' | 
16:17:41.317 | Info | '/user/details' | 
16:17:41.352 | Info | '/product/list' | 
16:18:32.519 | Info | '/user/details' | 
16:21:07.660 | Info | '/user/details' | 
16:21:09.309 | Info | '/product/list' | 
16:21:38.532 | Info | '/user/details' | 
16:21:38.564 | Info | '/product/list' | 
16:21:59.800 | Info | '/user/details' | 
16:21:59.831 | Info | '/product/list' | 
16:22:10.174 | Info | '/user/details' | 
16:22:10.211 | Info | '/product/list' | 
16:23:17.794 | Info | '/user/details' | 
16:23:17.826 | Info | '/product/list' | 
16:23:35.036 | Info | '/user/details' | 
16:23:38.934 | Info | '/user/details' | 
16:23:41.330 | Info | '/user/details' | 
16:23:43.242 | Info | '/user/details' | 
16:23:57.209 | Info | '/user/details' | 
16:23:57.240 | Info | '/vendors' | 
16:24:00.649 | Info | '/user/details' | 
16:24:00.674 | Info | '/vendors' | 
16:24:06.843 | Info | '/user/details' | 
16:24:06.878 | Info | '/ads' | 
16:24:08.541 | Info | '/user/details' | 
16:24:11.706 | Info | '/user/details' | 
16:24:11.734 | Info | '/product/list' | 
16:29:14.124 | Info | '/user/details' | 
16:29:19.625 | Info | '/user/details' | 
16:29:19.656 | Info | '/vendors' | 
16:29:21.946 | Info | '/user/details' | 
16:29:21.998 | Info | '/product/list' | 
16:30:11.374 | Info | '/product/list' | 
16:30:27.867 | Info | '/user/details' | 
16:30:27.887 | Info | '/product/list' | 
16:31:50.346 | Info | '/user/details' | 
16:31:50.422 | Info | '/product/list' | 
16:31:52.770 | Info | '/user/details' | 
16:31:52.797 | Info | '/product/list' | 
16:32:48.391 | Info | '/user/details' | 
16:32:48.433 | Info | '/product/list' | 
16:33:03.773 | Info | '/user/details' | 
16:33:03.817 | Info | '/product/list' | 
16:33:30.558 | Info | '/user/details' | 
16:33:30.652 | Info | '/product/list' | 
16:35:27.395 | Info | '/user/details' | 
16:35:27.426 | Info | '/product/list' | 
16:36:14.984 | Info | '/user/details' | 
16:36:15.007 | Info | '/product/list' | 
16:36:26.400 | Info | '/user/details' | 
16:36:26.428 | Info | '/product/list' | 
16:36:28.039 | Info | '/user/details' | 
16:36:28.062 | Info | '/product/list' | 
16:36:44.448 | Info | '/user/details' | 
16:36:44.476 | Info | '/product/list' | 
16:36:46.920 | Info | '/user/details' | 
16:36:46.944 | Info | '/product/list' | 
16:37:26.083 | Info | '/user/details' | 
16:37:26.107 | Info | '/product/list' | 
16:37:46.658 | Info | '/user/details' | 
16:37:46.685 | Info | '/product/list' | 
16:39:04.069 | Info | '/user/details' | 
16:39:04.103 | Info | '/product/list' | 
16:39:25.056 | Info | '/user/details' | 
16:39:25.084 | Info | '/vendors' | 
16:39:27.214 | Info | '/user/details' | 
16:39:27.259 | Info | '/product/list' | 
16:39:30.443 | Info | '/user/details' | 
16:39:38.655 | Info | '/user/details' | 
16:39:38.686 | Info | '/ads' | 
16:39:48.361 | Info | '/user/details' | 
16:39:48.388 | Info | '/product/list' | 
16:40:33.318 | Info | '/user/details' | 
16:40:46.670 | Info | '/user/details' | 
16:40:52.245 | Info | '/user/details' | 
16:40:52.268 | Info | '/vendors' | 
16:40:53.903 | Info | '/user/details' | 
16:40:53.926 | Info | '/product/list' | 
16:40:56.353 | Info | '/user/details' | 
16:40:56.361 | Info | '/blog/list' | 
16:41:01.201 | Info | '/user/details' | 
16:41:07.128 | Info | '/user/details' | 
16:41:07.156 | Info | '/vendors' | 
16:41:10.138 | Info | '/user/details' | 
16:41:10.168 | Info | '/ads' | 
16:41:24.340 | Info | '/user/details' | 
16:41:24.362 | Info | '/vendors' | 
16:41:32.057 | Info | '/user/details' | 
16:41:32.107 | Info | '/ads' | 
