13:59:00.921 | Info | '/api/user/login' | 
14:01:33.391 | Info | '/api/user/login' | 
14:01:33.747 | Info | '/transaction/getuserpermissions' | 
14:01:33.756 | Info | '/transaction/myprofile' | 
14:01:34.016 | Info | '/transaction/getuserpermissions' | 
14:01:34.223 | Info | '/transaction/myprofile' | 
14:01:34.231 | Info | '/transaction/myprofile' | 
14:01:34.257 | Info | '/transaction/myprofile' | 
14:01:39.652 | Info | '/transaction/getchannel' | 
14:01:39.659 | Info | '/transaction/getuserroles' | 
14:01:39.666 | Info | '/transaction/getusers' | 
14:01:39.673 | Info | '/transaction/getcenters' | 
14:01:39.682 | Info | '/transaction/getchannel' | 
14:01:39.733 | Info | '/transaction/getuserroles' | 
14:01:39.738 | Info | '/transaction/getcenters' | 
14:01:39.775 | Info | '/transaction/getusers' | 
14:01:41.313 | Info | '/transaction/getuserroles' | 
14:01:41.329 | Info | '/transaction/getpermissions' | 
14:01:41.333 | Info | '/transaction/getuserroles' | 
14:01:41.452 | Info | '/transaction/getpermissions' | 
14:01:42.146 | Info | '/transaction/getcenters' | 
14:01:42.153 | Info | '/transaction/getcenters' | 
14:01:43.215 | Info | '/transaction/getchannel' | 
14:01:43.222 | Info | '/transaction/getchannel' | 
14:01:47.326 | Info | '/transaction/getchannel' | 
14:01:47.333 | Info | '/transaction/getchannel' | 
14:01:48.355 | Info | '/transaction/getchannel' | 
14:01:48.361 | Info | '/transaction/getcenters' | 
14:01:48.366 | Info | '/transaction/getuserroles' | 
14:01:48.369 | Info | '/transaction/getusers' | 
14:01:48.373 | Info | '/transaction/getchannel' | 
14:01:48.380 | Info | '/transaction/getcenters' | 
14:01:48.383 | Info | '/transaction/getuserroles' | 
14:01:48.386 | Info | '/transaction/getusers' | 
14:01:53.867 | Info | '/transaction/myprofile' | 
14:01:53.880 | Info | '/transaction/myprofile' | 
14:01:53.886 | Info | '/transaction/myprofile' | 
14:01:53.890 | Info | '/transaction/myprofile' | 
15:28:20.630 | Info | '/api/user/login' | 
15:28:21.692 | Info | '/transaction/getuserpermissions' | 
15:28:21.741 | Info | '/transaction/myprofile' | 
15:28:22.037 | Info | '/transaction/myprofile' | 
15:28:22.032 | Info | '/transaction/getuserpermissions' | 
15:28:22.050 | Info | '/transaction/myprofile' | 
15:28:22.057 | Info | '/transaction/myprofile' | 
15:28:24.178 | Info | '/user/requests' | 
15:28:24.187 | Info | '/user/requests' | 
15:33:12.489 | Info | '/transaction/getuserpermissions' | 
15:33:12.506 | Info | '/transaction/getuserpermissions' | 
15:33:16.573 | Info | '/api/user/login' | 
15:33:16.928 | Info | '/transaction/getuserpermissions' | 
15:33:16.959 | Info | '/transaction/myprofile' | 
15:33:17.053 | Info | '/transaction/getuserpermissions' | 
15:33:17.066 | Info | '/transaction/myprofile' | 
15:33:17.082 | Info | '/transaction/myprofile' | 
15:33:17.091 | Info | '/transaction/myprofile' | 
15:33:19.563 | Info | '/user/requests' | 
15:33:19.573 | Info | '/user/requests' | 
15:34:20.750 | Info | '/transaction/getuserpermissions' | 
15:34:20.780 | Info | '/transaction/getuserpermissions' | 
15:34:24.174 | Info | '/api/user/login' | 
15:34:24.588 | Info | '/transaction/getuserpermissions' | 
15:34:24.601 | Info | '/transaction/myprofile' | 
15:34:24.670 | Info | '/transaction/getuserpermissions' | 
15:34:24.688 | Info | '/transaction/myprofile' | 
15:34:24.695 | Info | '/transaction/myprofile' | 
15:34:24.708 | Info | '/transaction/myprofile' | 
15:34:26.377 | Info | '/user/requests' | 
15:34:26.415 | Info | '/user/requests' | 
15:35:21.456 | Info | '/api/user/login' | 
15:35:21.580 | Info | '/transaction/getuserpermissions' | 
15:35:21.586 | Info | '/transaction/myprofile' | 
15:35:21.599 | Info | '/transaction/getuserpermissions' | 
15:35:21.611 | Info | '/transaction/myprofile' | 
15:35:21.621 | Info | '/transaction/myprofile' | 
15:35:21.630 | Info | '/transaction/myprofile' | 
15:35:23.153 | Info | '/user/requests' | 
15:35:23.158 | Info | '/user/requests' | 
15:41:14.643 | Info | '/transaction/getuserpermissions' | 
15:41:14.648 | Info | '/transaction/getuserpermissions' | 
15:41:18.995 | Info | '/api/user/login' | 
15:41:19.128 | Info | '/transaction/getuserpermissions' | 
15:41:19.140 | Info | '/transaction/myprofile' | 
15:41:19.149 | Info | '/transaction/getuserpermissions' | 
15:41:19.157 | Info | '/transaction/myprofile' | 
15:41:19.174 | Info | '/transaction/myprofile' | 
15:41:19.182 | Info | '/transaction/myprofile' | 
15:41:21.189 | Info | '/user/requests' | 
15:41:21.196 | Info | '/user/requests' | 
15:41:22.882 | Info | '/user/updatestatus' | 
15:41:22.955 | Info | '/user/requests' | 
15:41:25.960 | Info | '/transaction/getcenters' | 
15:41:25.965 | Info | '/transaction/getuserroles' | 
15:41:25.970 | Info | '/transaction/getusers' | 
15:41:25.980 | Info | '/transaction/getcenters' | 
15:41:25.983 | Info | '/transaction/getchannel' | 
15:41:25.987 | Info | '/transaction/getuserroles' | 
15:41:25.997 | Info | '/transaction/getchannel' | 
15:41:26.008 | Info | '/transaction/getusers' | 
15:42:59.884 | Info | '/api/user/login' | 
15:43:00.260 | Info | '/transaction/getuserpermissions' | 
15:43:00.291 | Info | '/transaction/myprofile' | 
15:43:00.367 | Info | '/transaction/getuserpermissions' | 
15:43:00.384 | Info | '/transaction/myprofile' | 
15:43:00.401 | Info | '/transaction/myprofile' | 
15:43:00.413 | Info | '/transaction/myprofile' | 
15:43:02.227 | Info | '/transaction/getchannel' | 
15:43:02.233 | Info | '/transaction/getcenters' | 
15:43:02.239 | Info | '/transaction/getuserroles' | 
15:43:02.245 | Info | '/transaction/getusers' | 
15:43:02.260 | Info | '/transaction/getchannel' | 
15:43:02.266 | Info | '/transaction/getcenters' | 
15:43:02.283 | Info | '/transaction/getuserroles' | 
15:43:02.285 | Info | '/transaction/getusers' | 
15:43:06.124 | Info | '/transaction/getpermissions' | 
15:43:06.128 | Info | '/transaction/getuserroles' | 
15:43:06.134 | Info | '/transaction/getpermissions' | 
15:43:06.139 | Info | '/transaction/getuserroles' | 
15:43:06.572 | Info | '/transaction/getcenters' | 
15:43:06.578 | Info | '/transaction/getcenters' | 
15:43:07.055 | Info | '/transaction/getchannel' | 
15:43:07.061 | Info | '/transaction/getchannel' | 
15:43:08.858 | Info | '/transaction/getchannel' | 
15:43:08.862 | Info | '/transaction/getuserroles' | 
15:43:08.860 | Info | '/transaction/getcenters' | 
15:43:08.864 | Info | '/transaction/getusers' | 
15:43:08.875 | Info | '/transaction/getchannel' | 
15:43:08.878 | Info | '/transaction/getcenters' | 
15:43:08.880 | Info | '/transaction/getuserroles' | 
15:43:08.883 | Info | '/transaction/getusers' | 
15:45:18.897 | Info | '/transaction/getuserpermissions' | 
15:45:18.907 | Info | '/transaction/getuserpermissions' | 
15:45:22.181 | Info | '/api/user/login' | 
15:45:22.583 | Info | '/transaction/getuserpermissions' | 
15:45:22.613 | Info | '/transaction/myprofile' | 
15:45:22.704 | Info | '/transaction/getuserpermissions' | 
15:45:22.723 | Info | '/transaction/myprofile' | 
15:45:22.734 | Info | '/transaction/myprofile' | 
15:45:22.747 | Info | '/transaction/myprofile' | 
15:45:24.240 | Info | '/transaction/getchannel' | 
15:45:24.245 | Info | '/transaction/getcenters' | 
15:45:24.252 | Info | '/transaction/getuserroles' | 
15:45:24.258 | Info | '/transaction/getusers' | 
15:45:24.274 | Info | '/transaction/getchannel' | 
15:45:24.277 | Info | '/transaction/getcenters' | 
15:45:24.300 | Info | '/transaction/getuserroles' | 
15:45:24.310 | Info | '/transaction/getusers' | 
15:45:33.704 | Info | '/user/requests' | 
15:45:33.715 | Info | '/user/requests' | 
15:47:18.482 | Info | '/transaction/getuserpermissions' | 
15:47:18.491 | Info | '/transaction/getuserpermissions' | 
15:47:43.529 | Info | '/api/user/login' | 
15:47:43.679 | Info | '/transaction/getuserpermissions' | 
15:47:43.683 | Info | '/transaction/myprofile' | 
15:47:43.699 | Info | '/transaction/myprofile' | 
15:47:43.704 | Info | '/transaction/getuserpermissions' | 
15:47:43.715 | Info | '/transaction/myprofile' | 
15:47:43.725 | Info | '/transaction/myprofile' | 
15:47:47.010 | Info | '/user/requests' | 
15:47:47.016 | Info | '/user/requests' | 
15:47:51.294 | Info | '/transaction/getchannel' | 
15:47:51.296 | Info | '/transaction/getcenters' | 
15:47:51.313 | Info | '/transaction/getuserroles' | 
15:47:51.315 | Info | '/transaction/getusers' | 
15:47:51.321 | Info | '/transaction/getchannel' | 
15:47:51.323 | Info | '/transaction/getcenters' | 
15:47:51.341 | Info | '/transaction/getuserroles' | 
15:47:51.344 | Info | '/transaction/getusers' | 
15:48:17.189 | Info | '/transaction/getuserpermissions' | 
15:48:17.194 | Info | '/transaction/getuserpermissions' | 
15:48:21.327 | Info | '/api/user/login' | 
15:48:21.470 | Info | '/transaction/getuserpermissions' | 
15:48:21.478 | Info | '/transaction/myprofile' | 
15:48:21.481 | Info | '/transaction/getuserpermissions' | 
15:48:21.493 | Info | '/transaction/myprofile' | 
15:48:21.508 | Info | '/transaction/myprofile' | 
15:48:21.518 | Info | '/transaction/myprofile' | 
15:48:25.652 | Info | '/transaction/getcenters' | 
15:48:25.650 | Info | '/transaction/getchannel' | 
15:48:25.656 | Info | '/transaction/getuserroles' | 
15:48:25.662 | Info | '/transaction/getusers' | 
15:48:25.665 | Info | '/transaction/getchannel' | 
15:48:25.668 | Info | '/transaction/getcenters' | 
15:48:25.671 | Info | '/transaction/getuserroles' | 
15:48:25.677 | Info | '/transaction/getusers' | 
15:48:37.808 | Info | '/transaction/getpermissions' | 
15:48:37.812 | Info | '/transaction/getuserroles' | 
15:48:37.820 | Info | '/transaction/getpermissions' | 
15:48:37.823 | Info | '/transaction/getuserroles' | 
15:48:38.236 | Info | '/transaction/getcenters' | 
15:48:38.242 | Info | '/transaction/getcenters' | 
15:48:38.543 | Info | '/transaction/getchannel' | 
15:48:38.548 | Info | '/transaction/getchannel' | 
15:48:39.960 | Info | '/user/requests' | 
15:48:39.965 | Info | '/user/requests' | 
